Arguments:
  /home/jon/.asdf/installs/nodejs/12.18.3/bin/node /home/jon/.asdf/installs/yarn/1.22.0/bin/yarn.js run prettier --write packages/component-library-gov/src/Button.tsx

PATH:
  /home/jon/.asdf/installs/yarn/1.22.0/bin:/home/jon/.asdf/installs/python/3.8.6/bin:/usr/lib/git-core:/home/jon/.asdf/installs/nodejs/12.18.3/bin:/home/jon/.asdf/installs/nodejs/12.18.3/.npm/bin:/home/jon/perl5/bin:/home/jon/.asdf/shims:/home/jon/.asdf/bin:/home/jon/.yarn/bin:/home/jon/.config/yarn/global/node_modules/.bin:/home/jon/anaconda3/bin:/home/jon/.symfony/bin:/home/jon/.poetry/bin:/home/jon/.local/bin:/home/jon/perl5/bin:/home/jon/.yarn/bin:/home/jon/.config/yarn/global/node_modules/.bin:/home/jon/anaconda3/bin:/home/jon/.symfony/bin:/home/jon/.poetry/bin:/home/jon/.local/bin:/usr/local/sbin:/usr/local/bin:/usr/sbin:/usr/bin:/sbin:/bin:/usr/games:/usr/local/games:/snap/bin

Yarn version:
  1.22.0

Node version:
  12.18.3

Platform:
  linux x64

Trace:
  SyntaxError: /home/jon/button/pangolin/package.json: Unexpected token < in JSON at position 1154
      at JSON.parse (<anonymous>)
      at /home/jon/.asdf/installs/yarn/1.22.0/lib/cli.js:1625:59
      at Generator.next (<anonymous>)
      at step (/home/jon/.asdf/installs/yarn/1.22.0/lib/cli.js:310:30)
      at /home/jon/.asdf/installs/yarn/1.22.0/lib/cli.js:321:13

npm manifest:
  {
    "name": "pangolin",
    "version": "1.0.0",
    "description": "Toolkit for button applications",
    "main": "index.js",
    "repository": "git@github.com:thebuttonclan/pangolin.git",
    "author": "Button team",
    "license": "MIT",
    "devDependencies": {
      "@babel/cli": "^7.12.1",
      "@babel/core": "^7.12.3",
      "@babel/preset-env": "^7.12.1",
      "@babel/preset-react": "^7.12.5",
      "@typescript-eslint/eslint-plugin": "^4.7.0",
      "@typescript-eslint/parser": "^4.7.0",
      "babel-core": "7.0.0-bridge.0",
      "babel-loader": "^8.2.1",
      "babel-plugin-styled-components": "^1.11.1",
      "cz-conventional-changelog": "^3.3.0",
      "eslint": "^7.13.0",
      "eslint-config-airbnb-typescript": "^12.0.0",
      "eslint-config-prettier": "^6.15.0",
      "eslint-plugin-import": "^2.22.1",
      "eslint-plugin-jest": "^24.1.3",
      "eslint-plugin-jsx-a11y": "^6.4.1",
      "eslint-plugin-react": "^7.21.5",
      "eslint-plugin-react-hooks": "^4.2.0",
      "lerna": "^3.22.1",
      "prettier": "^2.1.2",
      "typescript": "^4.0.5",
      "webpack": "^5.5.1"
    },
    "scripts": {
      "format": "prettier --write .",
      "lint": "eslint --ext .js,.jsx,.ts,.tsx .",
  <<<<<<< HEAD
      "prepublish": "lerna run tsc",
      "build": "lerna run build",
      "llink": "lerna link"
  =======
      "bootstrap": "lerna bootstrap",
      "llink": "lerna link",
      "build": "lerna run build",
      "clean": "lerna clean"
  >>>>>>> cc5ac0d0bace26fa278185c98c4b06b8a0495ef5
    },
    "private": true,
    "resolutions": {
      "**/react": "^17.0.1",
      "**/react-dom": "^17.0.1"
    },
    "workspaces": {
      "packages": [
        "packages/*",
        "examples/*"
      ]
    }
  }

yarn manifest:
  No manifest

Lockfile:
  No lockfile
